Using pre-set license

 COMMAND LINE ARGUMENTS:
/Applications/Unity/Hub/Editor/2020.3.14f1/Unity.app/Contents/MacOS/Unity
-adb2
-batchMode
-noUpm
-name
AssetImportWorker0
-projectPath
/Users/eungyugim/Documents/GitHub/UnityTextMeshPro/TextMeshPro
-logFile
Logs/AssetImportWorker0.log
-srvPort
55092
Successfully changed project path to: /Users/eungyugim/Documents/GitHub/UnityTextMeshPro/TextMeshPro
/Users/eungyugim/Documents/GitHub/UnityTextMeshPro/TextMeshPro
Using Asset Import Pipeline V2.
Refreshing native plugins compatible for Editor in 24.97 ms, found 2 plugins.
Preloading 0 native plugins for Editor in 0.00 ms.
Initialize engine version: 2020.3.14f1 (d0d1bb862f9d)
[Subsystems] Discovering subsystems at path /Applications/Unity/Hub/Editor/2020.3.14f1/Unity.app/Contents/Resources/UnitySubsystems
[Subsystems] Discovering subsystems at path /Users/eungyugim/Documents/GitHub/UnityTextMeshPro/TextMeshPro/Assets
GfxDevice: creating device client; threaded=0
2022-01-15 21:19:08.383 Unity[14222:415295] (null) preferred device: Apple M1 Pro (high power)
2022-01-15 21:19:08.383 Unity[14222:415295] Metal devices available: 1
2022-01-15 21:19:08.383 Unity[14222:415295] 0: Apple M1 Pro (high power)
2022-01-15 21:19:08.384 Unity[14222:415295] Using device Apple M1 Pro (high power)
Initializing Metal device caps: Apple M1 Pro
Initialize mono
Mono path[0] = '/Applications/Unity/Hub/Editor/2020.3.14f1/Unity.app/Contents/Managed'
Mono path[1] = '/Applications/Unity/Hub/Editor/2020.3.14f1/Unity.app/Contents/MonoBleedingEdge/lib/mono/unityjit'
Mono config path = '/Applications/Unity/Hub/Editor/2020.3.14f1/Unity.app/Contents/MonoBleedingEdge/etc'
Using monoOptions --debugger-agent=transport=dt_socket,embedding=1,server=y,suspend=n,address=127.0.0.1:56222
Begin MonoManager ReloadAssembly
Registering precompiled unity dll's ...
Register platform support module: /Applications/Unity/Hub/Editor/2020.3.14f1/Unity.app/Contents/PlaybackEngines/MacStandaloneSupport/UnityEditor.OSXStandalone.Extensions.dll
Registered in 0.000403 seconds.
Native extension for OSXStandalone target not found
Refreshing native plugins compatible for Editor in 26.32 ms, found 2 plugins.
Preloading 0 native plugins for Editor in 0.00 ms.
Mono: successfully reloaded assembly
- Completed reload, in  2.000 seconds
Domain Reload Profiling:
	ReloadAssembly (2000ms)
		BeginReloadAssembly (82ms)
			ExecutionOrderSort (0ms)
			DisableScriptedObjects (0ms)
			BackupInstance (0ms)
			ReleaseScriptingObjects (0ms)
			CreateAndSetChildDomain (2ms)
		EndReloadAssembly (861ms)
			LoadAssemblies (79ms)
			RebuildTransferFunctionScriptingTraits (0ms)
			SetupTypeCache (178ms)
			ReleaseScriptCaches (0ms)
			RebuildScriptCaches (39ms)
			SetupLoadedEditorAssemblies (501ms)
				LogAssemblyErrors (0ms)
				InitializePlatformSupportModulesInManaged (10ms)
				SetLoadedEditorAssemblies (0ms)
				RefreshPlugins (26ms)
				BeforeProcessingInitializeOnLoad (71ms)
				ProcessInitializeOnLoadAttributes (289ms)
				ProcessInitializeOnLoadMethodAttributes (103ms)
				AfterProcessingInitializeOnLoad (0ms)
				EditorAssembliesLoaded (1ms)
			ExecutionOrderSort2 (0ms)
			AwakeInstancesAfterBackupRestoration (0ms)
Platform modules already initialized, skipping
Registering precompiled user dll's ...
Registered in 0.001063 seconds.
Begin MonoManager ReloadAssembly
Native extension for OSXStandalone target not found
Refreshing native plugins compatible for Editor in 0.27 ms, found 2 plugins.
Preloading 0 native plugins for Editor in 0.00 ms.
Mono: successfully reloaded assembly
- Completed reload, in  2.097 seconds
Domain Reload Profiling:
	ReloadAssembly (2099ms)
		BeginReloadAssembly (249ms)
			ExecutionOrderSort (0ms)
			DisableScriptedObjects (31ms)
			BackupInstance (0ms)
			ReleaseScriptingObjects (0ms)
			CreateAndSetChildDomain (30ms)
		EndReloadAssembly (1759ms)
			LoadAssemblies (181ms)
			RebuildTransferFunctionScriptingTraits (0ms)
			SetupTypeCache (291ms)
			ReleaseScriptCaches (0ms)
			RebuildScriptCaches (47ms)
			SetupLoadedEditorAssemblies (1002ms)
				LogAssemblyErrors (0ms)
				InitializePlatformSupportModulesInManaged (14ms)
				SetLoadedEditorAssemblies (1ms)
				RefreshPlugins (0ms)
				BeforeProcessingInitializeOnLoad (219ms)
				ProcessInitializeOnLoadAttributes (751ms)
				ProcessInitializeOnLoadMethodAttributes (15ms)
				AfterProcessingInitializeOnLoad (1ms)
				EditorAssembliesLoaded (0ms)
			ExecutionOrderSort2 (0ms)
			AwakeInstancesAfterBackupRestoration (32ms)
Platform modules already initialized, skipping
========================================================================
Worker process is ready to serve import requests
Launching external process: /Applications/Unity/Hub/Editor/2020.3.14f1/Unity.app/Contents/Tools/UnityShaderCompiler
Launched and connected shader compiler UnityShaderCompiler after 0.02 seconds
Refreshing native plugins compatible for Editor in 0.26 ms, found 2 plugins.
Preloading 0 native plugins for Editor in 0.00 ms.
Unloading 1403 Unused Serialized files (Serialized files now loaded: 0)
System memory in use before: 137.4 MB.
System memory in use after: 137.5 MB.

Unloading 19 unused Assets to reduce memory usage. Loaded Objects now: 1836.
Total: 1.395542 ms (FindLiveObjects: 0.103167 ms CreateObjectMapping: 0.026958 ms MarkObjects: 1.184750 ms  DeleteObjects: 0.080042 ms)

AssetImportParameters requested are different than current active one (requested -> active):
  custom:video-decoder-ogg-theora: a1e56fd34408186e4bbccfd4996cb3dc -> 
  custom:container-muxer-webm: aa71ff27fc2769a1b78a27578f13a17b -> 
  custom:container-demuxer-webm: 4f35f7cbe854078d1ac9338744f61a02 -> 
  custom:container-demuxer-ogg: 62fdf1f143b41e24485cea50d1cbac27 -> 
  custom:video-encoder-webm-vp8: eb34c28f22e8b96e1ab97ce403110664 -> 
  custom:framework-osx-AVFoundation: e770b220cccbd017edd2c1fefb359320 -> 
  custom:video-decoder-webm-vp8: 9c59270c3fd7afecdb556c50c9e8de78 -> 
  custom:audio-decoder-ogg-vorbis: bf7c407c2cedff20999df2af8eb42d56 -> 
  custom:audio-encoder-webm-vorbis: bf7c407c2cedff20999df2af8eb42d56 -> 
========================================================================
Received Import Request.
  path: Assets/text
  artifactKey: Guid(7a092baeaa3eb4846b5203fbd519c452) Importer(815301076,1909f56bfc062723c751e8b465ee728b)
Start importing Assets/text using Guid(7a092baeaa3eb4846b5203fbd519c452) Importer(815301076,1909f56bfc062723c751e8b465ee728b)  -> (artifact id: '349a66958ca69df3cb064cd862307b36') in 0.005123 seconds 
  Import took 0.006842 seconds .

========================================================================
Received Import Request.
  Time since last request: 0.825656 seconds.
  path: Assets/text/Hangul2350자.txt
  artifactKey: Guid(2c9a437716a1740e7a2fc5820b41287d) Importer(815301076,1909f56bfc062723c751e8b465ee728b)
Start importing Assets/text/Hangul2350자.txt using Guid(2c9a437716a1740e7a2fc5820b41287d) Importer(815301076,1909f56bfc062723c751e8b465ee728b)  -> (artifact id: '62758c61779b54326667e4a9cfa34954') in 1.008026 seconds 
  Import took 1.010176 seconds .

========================================================================
Received Import Request.
  Time since last request: 1446.519507 seconds.
  path: Assets/Fonts/NanumGothic SDF.asset
  artifactKey: Guid(0f2fdcbf2be0849cf8feb07398b91402) Importer(815301076,1909f56bfc062723c751e8b465ee728b)
Start importing Assets/Fonts/NanumGothic SDF.asset using Guid(0f2fdcbf2be0849cf8feb07398b91402) Importer(815301076,1909f56bfc062723c751e8b465ee728b)  -> (artifact id: '564c4cc4457d8c2e60b6c1423acf8cda') in 1.106482 seconds 
  Import took 1.111130 seconds .

========================================================================
Received Import Request.
  Time since last request: 650.104871 seconds.
  path: Assets/Fonts/NanumGothic SDF.asset
  artifactKey: Guid(0f2fdcbf2be0849cf8feb07398b91402) Importer(815301076,1909f56bfc062723c751e8b465ee728b)
Start importing Assets/Fonts/NanumGothic SDF.asset using Guid(0f2fdcbf2be0849cf8feb07398b91402) Importer(815301076,1909f56bfc062723c751e8b465ee728b)  -> (artifact id: 'fac31493c43af98624a7235c6961dd28') in 0.291141 seconds 
  Import took 0.295357 seconds .

